<?xml version="1.0" encoding="UTF-8"?>
<!-- Generated by org.testng.reporters.JUnitReportReporter -->
<testsuite hostname="Marwa" failures="0" tests="1" name="com.foodics.base.Base" time="17.295" errors="0" timestamp="2024-12-15T02:23:58 GMT+03:00" skipped="0">
  <testcase classname="com.foodics.base.Base" name="beforeClass" time="17.295"/>
  <system-out/>
</testsuite> <!-- com.foodics.base.Base -->
