<?xml version="1.0" encoding="UTF-8"?>
<!-- Generated by org.testng.reporters.JUnitReportReporter -->
<testsuite hostname="Marwa" failures="0" tests="1" name="com.foodics.testcases.FormsScreenTest" time="11.259" errors="0" timestamp="2024-12-17T15:39:02 GMT+03:00" skipped="0">
  <testcase classname="com.foodics.testcases.FormsScreenTest" name="testFormsSuccess" time="11.259"/>
</testsuite> <!-- com.foodics.testcases.FormsScreenTest -->
